<?xml version="1.0" encoding="UTF-8"?>
<testng-results ignored="0" total="2" passed="2" failed="0" skipped="0">
  <reporter-output>
  </reporter-output>
  <suite started-at="2025-04-26T19:24:54 IST" name="ParallelTestSuite" finished-at="2025-04-26T19:24:54 IST" duration-ms="46">
    <groups>
    </groups>
    <test started-at="2025-04-26T19:24:54 IST" name="ParallelTests" finished-at="2025-04-26T19:24:54 IST" duration-ms="46">
      <class name="test.Test2">
        <test-method signature="testMethod2()[pri:0, instance:test.Test2@56de5251]" started-at="2025-04-26T19:24:54 IST" name="testMethod2" finished-at="2025-04-26T19:24:54 IST" duration-ms="2" status="PASS">
          <reporter-output>
          </reporter-output>
        </test-method> <!-- testMethod2 -->
      </class> <!-- test.Test2 -->
      <class name="test.Test1">
        <test-method signature="testMethod1()[pri:0, instance:test.Test1@43301423]" started-at="2025-04-26T19:24:54 IST" name="testMethod1" finished-at="2025-04-26T19:24:54 IST" duration-ms="4" status="PASS">
          <reporter-output>
          </reporter-output>
        </test-method> <!-- testMethod1 -->
      </class> <!-- test.Test1 -->
    </test> <!-- ParallelTests -->
  </suite> <!-- ParallelTestSuite -->
</testng-results>
